

================================================================
== Vivado HLS Report for 'Block_entry_proc_proc306'
================================================================
* Date:           Wed Apr  5 19:39:38 2023

* Version:        2019.2 (Build 2704478 on Wed Nov 06 22:10:23 MST 2019)
* Project:        alveo_hls4ml
* Solution:       solution
* Product family: virtexuplus
* Target device:  xcu50-fsvh2104-2L-e


================================================================
== Performance Estimates
================================================================
+ Timing: 
    * Summary: 
    +--------+---------+----------+------------+
    |  Clock |  Target | Estimated| Uncertainty|
    +--------+---------+----------+------------+
    |ap_clk  | 4.00 ns | 2.616 ns |   0.90 ns  |
    +--------+---------+----------+------------+

+ Latency: 
    * Summary: 
    +---------+---------+----------+----------+-----+-----+---------+
    |  Latency (cycles) |  Latency (absolute) |  Interval | Pipeline|
    |   min   |   max   |    min   |    max   | min | max |   Type  |
    +---------+---------+----------+----------+-----+-----+---------+
    |        1|        1| 4.000 ns | 4.000 ns |    1|    1|   none  |
    +---------+---------+----------+----------+-----+-----+---------+

    + Detail: 
        * Instance: 
        N/A

        * Loop: 
        N/A



================================================================
== Utilization Estimates
================================================================
* Summary: 
+---------------------+---------+-------+---------+--------+-----+
|         Name        | BRAM_18K| DSP48E|    FF   |   LUT  | URAM|
+---------------------+---------+-------+---------+--------+-----+
|DSP                  |        -|      -|        -|       -|    -|
|Expression           |        -|      -|        0|       2|    -|
|FIFO                 |        -|      -|        -|       -|    -|
|Instance             |        -|      -|        -|       -|    -|
|Memory               |        -|      -|        -|       -|    -|
|Multiplexer          |        -|      -|        -|      33|    -|
|Register             |        -|      -|        3|       -|    -|
+---------------------+---------+-------+---------+--------+-----+
|Total                |        0|      0|        3|      35|    0|
+---------------------+---------+-------+---------+--------+-----+
|Available SLR        |     1344|   2976|   871680|  435840|  320|
+---------------------+---------+-------+---------+--------+-----+
|Utilization SLR (%)  |        0|      0|    ~0   |   ~0   |    0|
+---------------------+---------+-------+---------+--------+-----+
|Available            |     2688|   5952|  1743360|  871680|  640|
+---------------------+---------+-------+---------+--------+-----+
|Utilization (%)      |        0|      0|    ~0   |   ~0   |    0|
+---------------------+---------+-------+---------+--------+-----+

+ Detail: 
    * Instance: 
    N/A

    * DSP48E: 
    N/A

    * Memory: 
    N/A

    * FIFO: 
    N/A

    * Expression: 
    +-----------------+----------+-------+---+----+------------+------------+
    |  Variable Name  | Operation| DSP48E| FF| LUT| Bitwidth P0| Bitwidth P1|
    +-----------------+----------+-------+---+----+------------+------------+
    |ap_block_state1  |    or    |      0|  0|   2|           1|           1|
    +-----------------+----------+-------+---+----+------------+------------+
    |Total            |          |      0|  0|   2|           1|           1|
    +-----------------+----------+-------+---+----+------------+------------+

    * Multiplexer: 
    +-------------+----+-----------+-----+-----------+
    |     Name    | LUT| Input Size| Bits| Total Bits|
    +-------------+----+-----------+-----+-----------+
    |ap_NS_fsm    |  15|          3|    1|          3|
    |ap_done      |   9|          2|    1|          2|
    |i_0_i_blk_n  |   9|          2|    1|          2|
    +-------------+----+-----------+-----+-----------+
    |Total        |  33|          7|    3|          7|
    +-------------+----+-----------+-----+-----------+

    * Register: 
    +-------------+---+----+-----+-----------+
    |     Name    | FF| LUT| Bits| Const Bits|
    +-------------+---+----+-----+-----------+
    |ap_CS_fsm    |  2|   0|    2|          0|
    |ap_done_reg  |  1|   0|    1|          0|
    +-------------+---+----+-----+-----------+
    |Total        |  3|   0|    3|          0|
    +-------------+---+----+-----+-----------+



================================================================
== Interface
================================================================
* Summary: 
+--------------------------+-----+-----+------------+--------------------------+--------------+
|         RTL Ports        | Dir | Bits|  Protocol  |       Source Object      |    C Type    |
+--------------------------+-----+-----+------------+--------------------------+--------------+
|ap_clk                    |  in |    1| ap_ctrl_hs | Block_entry_proc_proc306 | return value |
|ap_rst                    |  in |    1| ap_ctrl_hs | Block_entry_proc_proc306 | return value |
|ap_start                  |  in |    1| ap_ctrl_hs | Block_entry_proc_proc306 | return value |
|ap_done                   | out |    1| ap_ctrl_hs | Block_entry_proc_proc306 | return value |
|ap_continue               |  in |    1| ap_ctrl_hs | Block_entry_proc_proc306 | return value |
|ap_idle                   | out |    1| ap_ctrl_hs | Block_entry_proc_proc306 | return value |
|ap_ready                  | out |    1| ap_ctrl_hs | Block_entry_proc_proc306 | return value |
|ap_return                 | out |   16| ap_ctrl_hs | Block_entry_proc_proc306 | return value |
|in_store_12_V13_address0  | out |   14|  ap_memory |      in_store_12_V13     |     array    |
|in_store_12_V13_ce0       | out |    1|  ap_memory |      in_store_12_V13     |     array    |
|in_store_12_V13_q0        |  in |   16|  ap_memory |      in_store_12_V13     |     array    |
|i_0_i_dout                |  in |   14|   ap_fifo  |           i_0_i          |    pointer   |
|i_0_i_empty_n             |  in |    1|   ap_fifo  |           i_0_i          |    pointer   |
|i_0_i_read                | out |    1|   ap_fifo  |           i_0_i          |    pointer   |
+--------------------------+-----+-----+------------+--------------------------+--------------+

