

================================================================
== Vivado HLS Report for 'dense_latency_ap_fixed_ap_fixed_16_6_5_3_0_config9_0_0_0_0'
================================================================
* Date:           Wed Apr  5 19:39:55 2023

* Version:        2019.2 (Build 2704478 on Wed Nov 06 22:10:23 MST 2019)
* Project:        alveo_hls4ml
* Solution:       solution
* Product family: virtexuplus
* Target device:  xcu50-fsvh2104-2L-e


================================================================
== Performance Estimates
================================================================
+ Timing: 
    * Summary: 
    +--------+---------+----------+------------+
    |  Clock |  Target | Estimated| Uncertainty|
    +--------+---------+----------+------------+
    |ap_clk  | 4.00 ns | 2.560 ns |   0.90 ns  |
    +--------+---------+----------+------------+

+ Latency: 
    * Summary: 
    +---------+---------+-----------+-----------+-----+-----+----------+
    |  Latency (cycles) |   Latency (absolute)  |  Interval | Pipeline |
    |   min   |   max   |    min    |    max    | min | max |   Type   |
    +---------+---------+-----------+-----------+-----+-----+----------+
    |        4|        4| 16.000 ns | 16.000 ns |    1|    1| function |
    +---------+---------+-----------+-----------+-----+-----+----------+

    + Detail: 
        * Instance: 
        +-----------------------------------------------------------------------+------------------------------------------------------------+---------+---------+-----------+-----------+-----+-----+----------+
        |                                                                       |                                                            |  Latency (cycles) |   Latency (absolute)  |  Interval | Pipeline |
        |                                Instance                               |                           Module                           |   min   |   max   |    min    |    max    | min | max |   Type   |
        +-----------------------------------------------------------------------+------------------------------------------------------------+---------+---------+-----------+-----------+-----+-----+----------+
        |grp_product_ap_fixed_ap_fixed_16_6_5_3_0_ap_fixed_16_6_5_3_0_s_fu_178  |product_ap_fixed_ap_fixed_16_6_5_3_0_ap_fixed_16_6_5_3_0_s  |        3|        3| 12.000 ns | 12.000 ns |    1|    1| function |
        |grp_product_ap_fixed_ap_fixed_16_6_5_3_0_ap_fixed_16_6_5_3_0_s_fu_186  |product_ap_fixed_ap_fixed_16_6_5_3_0_ap_fixed_16_6_5_3_0_s  |        3|        3| 12.000 ns | 12.000 ns |    1|    1| function |
        |grp_product_ap_fixed_ap_fixed_16_6_5_3_0_ap_fixed_16_6_5_3_0_s_fu_194  |product_ap_fixed_ap_fixed_16_6_5_3_0_ap_fixed_16_6_5_3_0_s  |        3|        3| 12.000 ns | 12.000 ns |    1|    1| function |
        |grp_product_ap_fixed_ap_fixed_16_6_5_3_0_ap_fixed_16_6_5_3_0_s_fu_202  |product_ap_fixed_ap_fixed_16_6_5_3_0_ap_fixed_16_6_5_3_0_s  |        3|        3| 12.000 ns | 12.000 ns |    1|    1| function |
        |grp_product_ap_fixed_ap_fixed_16_6_5_3_0_ap_fixed_16_6_5_3_0_s_fu_210  |product_ap_fixed_ap_fixed_16_6_5_3_0_ap_fixed_16_6_5_3_0_s  |        3|        3| 12.000 ns | 12.000 ns |    1|    1| function |
        |grp_product_ap_fixed_ap_fixed_16_6_5_3_0_ap_fixed_16_6_5_3_0_s_fu_218  |product_ap_fixed_ap_fixed_16_6_5_3_0_ap_fixed_16_6_5_3_0_s  |        3|        3| 12.000 ns | 12.000 ns |    1|    1| function |
        |grp_product_ap_fixed_ap_fixed_16_6_5_3_0_ap_fixed_16_6_5_3_0_s_fu_226  |product_ap_fixed_ap_fixed_16_6_5_3_0_ap_fixed_16_6_5_3_0_s  |        3|        3| 12.000 ns | 12.000 ns |    1|    1| function |
        |grp_product_ap_fixed_ap_fixed_16_6_5_3_0_ap_fixed_16_6_5_3_0_s_fu_234  |product_ap_fixed_ap_fixed_16_6_5_3_0_ap_fixed_16_6_5_3_0_s  |        3|        3| 12.000 ns | 12.000 ns |    1|    1| function |
        |grp_product_ap_fixed_ap_fixed_16_6_5_3_0_ap_fixed_16_6_5_3_0_s_fu_242  |product_ap_fixed_ap_fixed_16_6_5_3_0_ap_fixed_16_6_5_3_0_s  |        3|        3| 12.000 ns | 12.000 ns |    1|    1| function |
        |grp_product_ap_fixed_ap_fixed_16_6_5_3_0_ap_fixed_16_6_5_3_0_s_fu_250  |product_ap_fixed_ap_fixed_16_6_5_3_0_ap_fixed_16_6_5_3_0_s  |        3|        3| 12.000 ns | 12.000 ns |    1|    1| function |
        |grp_product_ap_fixed_ap_fixed_16_6_5_3_0_ap_fixed_16_6_5_3_0_s_fu_258  |product_ap_fixed_ap_fixed_16_6_5_3_0_ap_fixed_16_6_5_3_0_s  |        3|        3| 12.000 ns | 12.000 ns |    1|    1| function |
        |grp_product_ap_fixed_ap_fixed_16_6_5_3_0_ap_fixed_16_6_5_3_0_s_fu_266  |product_ap_fixed_ap_fixed_16_6_5_3_0_ap_fixed_16_6_5_3_0_s  |        3|        3| 12.000 ns | 12.000 ns |    1|    1| function |
        |grp_product_ap_fixed_ap_fixed_16_6_5_3_0_ap_fixed_16_6_5_3_0_s_fu_274  |product_ap_fixed_ap_fixed_16_6_5_3_0_ap_fixed_16_6_5_3_0_s  |        3|        3| 12.000 ns | 12.000 ns |    1|    1| function |
        |grp_product_ap_fixed_ap_fixed_16_6_5_3_0_ap_fixed_16_6_5_3_0_s_fu_282  |product_ap_fixed_ap_fixed_16_6_5_3_0_ap_fixed_16_6_5_3_0_s  |        3|        3| 12.000 ns | 12.000 ns |    1|    1| function |
        |grp_product_ap_fixed_ap_fixed_16_6_5_3_0_ap_fixed_16_6_5_3_0_s_fu_290  |product_ap_fixed_ap_fixed_16_6_5_3_0_ap_fixed_16_6_5_3_0_s  |        3|        3| 12.000 ns | 12.000 ns |    1|    1| function |
        |grp_product_ap_fixed_ap_fixed_16_6_5_3_0_ap_fixed_16_6_5_3_0_s_fu_298  |product_ap_fixed_ap_fixed_16_6_5_3_0_ap_fixed_16_6_5_3_0_s  |        3|        3| 12.000 ns | 12.000 ns |    1|    1| function |
        |grp_product_ap_fixed_ap_fixed_16_6_5_3_0_ap_fixed_16_6_5_3_0_s_fu_306  |product_ap_fixed_ap_fixed_16_6_5_3_0_ap_fixed_16_6_5_3_0_s  |        3|        3| 12.000 ns | 12.000 ns |    1|    1| function |
        |grp_product_ap_fixed_ap_fixed_16_6_5_3_0_ap_fixed_16_6_5_3_0_s_fu_314  |product_ap_fixed_ap_fixed_16_6_5_3_0_ap_fixed_16_6_5_3_0_s  |        3|        3| 12.000 ns | 12.000 ns |    1|    1| function |
        |grp_product_ap_fixed_ap_fixed_16_6_5_3_0_ap_fixed_16_6_5_3_0_s_fu_322  |product_ap_fixed_ap_fixed_16_6_5_3_0_ap_fixed_16_6_5_3_0_s  |        3|        3| 12.000 ns | 12.000 ns |    1|    1| function |
        |grp_product_ap_fixed_ap_fixed_16_6_5_3_0_ap_fixed_16_6_5_3_0_s_fu_330  |product_ap_fixed_ap_fixed_16_6_5_3_0_ap_fixed_16_6_5_3_0_s  |        3|        3| 12.000 ns | 12.000 ns |    1|    1| function |
        |grp_product_ap_fixed_ap_fixed_16_6_5_3_0_ap_fixed_16_6_5_3_0_s_fu_338  |product_ap_fixed_ap_fixed_16_6_5_3_0_ap_fixed_16_6_5_3_0_s  |        3|        3| 12.000 ns | 12.000 ns |    1|    1| function |
        |grp_product_ap_fixed_ap_fixed_16_6_5_3_0_ap_fixed_16_6_5_3_0_s_fu_346  |product_ap_fixed_ap_fixed_16_6_5_3_0_ap_fixed_16_6_5_3_0_s  |        3|        3| 12.000 ns | 12.000 ns |    1|    1| function |
        |grp_product_ap_fixed_ap_fixed_16_6_5_3_0_ap_fixed_16_6_5_3_0_s_fu_354  |product_ap_fixed_ap_fixed_16_6_5_3_0_ap_fixed_16_6_5_3_0_s  |        3|        3| 12.000 ns | 12.000 ns |    1|    1| function |
        |grp_product_ap_fixed_ap_fixed_16_6_5_3_0_ap_fixed_16_6_5_3_0_s_fu_362  |product_ap_fixed_ap_fixed_16_6_5_3_0_ap_fixed_16_6_5_3_0_s  |        3|        3| 12.000 ns | 12.000 ns |    1|    1| function |
        |grp_product_ap_fixed_ap_fixed_16_6_5_3_0_ap_fixed_16_6_5_3_0_s_fu_370  |product_ap_fixed_ap_fixed_16_6_5_3_0_ap_fixed_16_6_5_3_0_s  |        3|        3| 12.000 ns | 12.000 ns |    1|    1| function |
        |grp_product_ap_fixed_ap_fixed_16_6_5_3_0_ap_fixed_16_6_5_3_0_s_fu_378  |product_ap_fixed_ap_fixed_16_6_5_3_0_ap_fixed_16_6_5_3_0_s  |        3|        3| 12.000 ns | 12.000 ns |    1|    1| function |
        |grp_product_ap_fixed_ap_fixed_16_6_5_3_0_ap_fixed_16_6_5_3_0_s_fu_386  |product_ap_fixed_ap_fixed_16_6_5_3_0_ap_fixed_16_6_5_3_0_s  |        3|        3| 12.000 ns | 12.000 ns |    1|    1| function |
        |grp_product_ap_fixed_ap_fixed_16_6_5_3_0_ap_fixed_16_6_5_3_0_s_fu_394  |product_ap_fixed_ap_fixed_16_6_5_3_0_ap_fixed_16_6_5_3_0_s  |        3|        3| 12.000 ns | 12.000 ns |    1|    1| function |
        |grp_product_ap_fixed_ap_fixed_16_6_5_3_0_ap_fixed_16_6_5_3_0_s_fu_402  |product_ap_fixed_ap_fixed_16_6_5_3_0_ap_fixed_16_6_5_3_0_s  |        3|        3| 12.000 ns | 12.000 ns |    1|    1| function |
        |grp_product_ap_fixed_ap_fixed_16_6_5_3_0_ap_fixed_16_6_5_3_0_s_fu_410  |product_ap_fixed_ap_fixed_16_6_5_3_0_ap_fixed_16_6_5_3_0_s  |        3|        3| 12.000 ns | 12.000 ns |    1|    1| function |
        |grp_product_ap_fixed_ap_fixed_16_6_5_3_0_ap_fixed_16_6_5_3_0_s_fu_418  |product_ap_fixed_ap_fixed_16_6_5_3_0_ap_fixed_16_6_5_3_0_s  |        3|        3| 12.000 ns | 12.000 ns |    1|    1| function |
        |grp_product_ap_fixed_ap_fixed_16_6_5_3_0_ap_fixed_16_6_5_3_0_s_fu_426  |product_ap_fixed_ap_fixed_16_6_5_3_0_ap_fixed_16_6_5_3_0_s  |        3|        3| 12.000 ns | 12.000 ns |    1|    1| function |
        |grp_product_ap_fixed_ap_fixed_16_6_5_3_0_ap_fixed_16_6_5_3_0_s_fu_434  |product_ap_fixed_ap_fixed_16_6_5_3_0_ap_fixed_16_6_5_3_0_s  |        3|        3| 12.000 ns | 12.000 ns |    1|    1| function |
        +-----------------------------------------------------------------------+------------------------------------------------------------+---------+---------+-----------+-----------+-----+-----+----------+

        * Loop: 
        N/A



================================================================
== Utilization Estimates
================================================================
* Summary: 
+---------------------+---------+-------+---------+--------+-----+
|         Name        | BRAM_18K| DSP48E|    FF   |   LUT  | URAM|
+---------------------+---------+-------+---------+--------+-----+
|DSP                  |        -|      -|        -|       -|    -|
|Expression           |        -|      -|        0|     534|    -|
|FIFO                 |        -|      -|        -|       -|    -|
|Instance             |        -|     33|     1518|     297|    -|
|Memory               |        -|      -|        -|       -|    -|
|Multiplexer          |        -|      -|        -|      36|    -|
|Register             |        -|      -|       54|       -|    -|
+---------------------+---------+-------+---------+--------+-----+
|Total                |        0|     33|     1572|     867|    0|
+---------------------+---------+-------+---------+--------+-----+
|Available SLR        |     1344|   2976|   871680|  435840|  320|
+---------------------+---------+-------+---------+--------+-----+
|Utilization SLR (%)  |        0|      1|    ~0   |   ~0   |    0|
+---------------------+---------+-------+---------+--------+-----+
|Available            |     2688|   5952|  1743360|  871680|  640|
+---------------------+---------+-------+---------+--------+-----+
|Utilization (%)      |        0|   ~0  |    ~0   |   ~0   |    0|
+---------------------+---------+-------+---------+--------+-----+

+ Detail: 
    * Instance: 
    +-----------------------------------------------------------------------+------------------------------------------------------------+---------+-------+----+----+-----+
    |                                Instance                               |                           Module                           | BRAM_18K| DSP48E| FF | LUT| URAM|
    +-----------------------------------------------------------------------+------------------------------------------------------------+---------+-------+----+----+-----+
    |grp_product_ap_fixed_ap_fixed_16_6_5_3_0_ap_fixed_16_6_5_3_0_s_fu_178  |product_ap_fixed_ap_fixed_16_6_5_3_0_ap_fixed_16_6_5_3_0_s  |        0|      1|  46|   9|    0|
    |grp_product_ap_fixed_ap_fixed_16_6_5_3_0_ap_fixed_16_6_5_3_0_s_fu_186  |product_ap_fixed_ap_fixed_16_6_5_3_0_ap_fixed_16_6_5_3_0_s  |        0|      1|  46|   9|    0|
    |grp_product_ap_fixed_ap_fixed_16_6_5_3_0_ap_fixed_16_6_5_3_0_s_fu_194  |product_ap_fixed_ap_fixed_16_6_5_3_0_ap_fixed_16_6_5_3_0_s  |        0|      1|  46|   9|    0|
    |grp_product_ap_fixed_ap_fixed_16_6_5_3_0_ap_fixed_16_6_5_3_0_s_fu_202  |product_ap_fixed_ap_fixed_16_6_5_3_0_ap_fixed_16_6_5_3_0_s  |        0|      1|  46|   9|    0|
    |grp_product_ap_fixed_ap_fixed_16_6_5_3_0_ap_fixed_16_6_5_3_0_s_fu_210  |product_ap_fixed_ap_fixed_16_6_5_3_0_ap_fixed_16_6_5_3_0_s  |        0|      1|  46|   9|    0|
    |grp_product_ap_fixed_ap_fixed_16_6_5_3_0_ap_fixed_16_6_5_3_0_s_fu_218  |product_ap_fixed_ap_fixed_16_6_5_3_0_ap_fixed_16_6_5_3_0_s  |        0|      1|  46|   9|    0|
    |grp_product_ap_fixed_ap_fixed_16_6_5_3_0_ap_fixed_16_6_5_3_0_s_fu_226  |product_ap_fixed_ap_fixed_16_6_5_3_0_ap_fixed_16_6_5_3_0_s  |        0|      1|  46|   9|    0|
    |grp_product_ap_fixed_ap_fixed_16_6_5_3_0_ap_fixed_16_6_5_3_0_s_fu_234  |product_ap_fixed_ap_fixed_16_6_5_3_0_ap_fixed_16_6_5_3_0_s  |        0|      1|  46|   9|    0|
    |grp_product_ap_fixed_ap_fixed_16_6_5_3_0_ap_fixed_16_6_5_3_0_s_fu_242  |product_ap_fixed_ap_fixed_16_6_5_3_0_ap_fixed_16_6_5_3_0_s  |        0|      1|  46|   9|    0|
    |grp_product_ap_fixed_ap_fixed_16_6_5_3_0_ap_fixed_16_6_5_3_0_s_fu_250  |product_ap_fixed_ap_fixed_16_6_5_3_0_ap_fixed_16_6_5_3_0_s  |        0|      1|  46|   9|    0|
    |grp_product_ap_fixed_ap_fixed_16_6_5_3_0_ap_fixed_16_6_5_3_0_s_fu_258  |product_ap_fixed_ap_fixed_16_6_5_3_0_ap_fixed_16_6_5_3_0_s  |        0|      1|  46|   9|    0|
    |grp_product_ap_fixed_ap_fixed_16_6_5_3_0_ap_fixed_16_6_5_3_0_s_fu_266  |product_ap_fixed_ap_fixed_16_6_5_3_0_ap_fixed_16_6_5_3_0_s  |        0|      1|  46|   9|    0|
    |grp_product_ap_fixed_ap_fixed_16_6_5_3_0_ap_fixed_16_6_5_3_0_s_fu_274  |product_ap_fixed_ap_fixed_16_6_5_3_0_ap_fixed_16_6_5_3_0_s  |        0|      1|  46|   9|    0|
    |grp_product_ap_fixed_ap_fixed_16_6_5_3_0_ap_fixed_16_6_5_3_0_s_fu_282  |product_ap_fixed_ap_fixed_16_6_5_3_0_ap_fixed_16_6_5_3_0_s  |        0|      1|  46|   9|    0|
    |grp_product_ap_fixed_ap_fixed_16_6_5_3_0_ap_fixed_16_6_5_3_0_s_fu_290  |product_ap_fixed_ap_fixed_16_6_5_3_0_ap_fixed_16_6_5_3_0_s  |        0|      1|  46|   9|    0|
    |grp_product_ap_fixed_ap_fixed_16_6_5_3_0_ap_fixed_16_6_5_3_0_s_fu_298  |product_ap_fixed_ap_fixed_16_6_5_3_0_ap_fixed_16_6_5_3_0_s  |        0|      1|  46|   9|    0|
    |grp_product_ap_fixed_ap_fixed_16_6_5_3_0_ap_fixed_16_6_5_3_0_s_fu_306  |product_ap_fixed_ap_fixed_16_6_5_3_0_ap_fixed_16_6_5_3_0_s  |        0|      1|  46|   9|    0|
    |grp_product_ap_fixed_ap_fixed_16_6_5_3_0_ap_fixed_16_6_5_3_0_s_fu_314  |product_ap_fixed_ap_fixed_16_6_5_3_0_ap_fixed_16_6_5_3_0_s  |        0|      1|  46|   9|    0|
    |grp_product_ap_fixed_ap_fixed_16_6_5_3_0_ap_fixed_16_6_5_3_0_s_fu_322  |product_ap_fixed_ap_fixed_16_6_5_3_0_ap_fixed_16_6_5_3_0_s  |        0|      1|  46|   9|    0|
    |grp_product_ap_fixed_ap_fixed_16_6_5_3_0_ap_fixed_16_6_5_3_0_s_fu_330  |product_ap_fixed_ap_fixed_16_6_5_3_0_ap_fixed_16_6_5_3_0_s  |        0|      1|  46|   9|    0|
    |grp_product_ap_fixed_ap_fixed_16_6_5_3_0_ap_fixed_16_6_5_3_0_s_fu_338  |product_ap_fixed_ap_fixed_16_6_5_3_0_ap_fixed_16_6_5_3_0_s  |        0|      1|  46|   9|    0|
    |grp_product_ap_fixed_ap_fixed_16_6_5_3_0_ap_fixed_16_6_5_3_0_s_fu_346  |product_ap_fixed_ap_fixed_16_6_5_3_0_ap_fixed_16_6_5_3_0_s  |        0|      1|  46|   9|    0|
    |grp_product_ap_fixed_ap_fixed_16_6_5_3_0_ap_fixed_16_6_5_3_0_s_fu_354  |product_ap_fixed_ap_fixed_16_6_5_3_0_ap_fixed_16_6_5_3_0_s  |        0|      1|  46|   9|    0|
    |grp_product_ap_fixed_ap_fixed_16_6_5_3_0_ap_fixed_16_6_5_3_0_s_fu_362  |product_ap_fixed_ap_fixed_16_6_5_3_0_ap_fixed_16_6_5_3_0_s  |        0|      1|  46|   9|    0|
    |grp_product_ap_fixed_ap_fixed_16_6_5_3_0_ap_fixed_16_6_5_3_0_s_fu_370  |product_ap_fixed_ap_fixed_16_6_5_3_0_ap_fixed_16_6_5_3_0_s  |        0|      1|  46|   9|    0|
    |grp_product_ap_fixed_ap_fixed_16_6_5_3_0_ap_fixed_16_6_5_3_0_s_fu_378  |product_ap_fixed_ap_fixed_16_6_5_3_0_ap_fixed_16_6_5_3_0_s  |        0|      1|  46|   9|    0|
    |grp_product_ap_fixed_ap_fixed_16_6_5_3_0_ap_fixed_16_6_5_3_0_s_fu_386  |product_ap_fixed_ap_fixed_16_6_5_3_0_ap_fixed_16_6_5_3_0_s  |        0|      1|  46|   9|    0|
    |grp_product_ap_fixed_ap_fixed_16_6_5_3_0_ap_fixed_16_6_5_3_0_s_fu_394  |product_ap_fixed_ap_fixed_16_6_5_3_0_ap_fixed_16_6_5_3_0_s  |        0|      1|  46|   9|    0|
    |grp_product_ap_fixed_ap_fixed_16_6_5_3_0_ap_fixed_16_6_5_3_0_s_fu_402  |product_ap_fixed_ap_fixed_16_6_5_3_0_ap_fixed_16_6_5_3_0_s  |        0|      1|  46|   9|    0|
    |grp_product_ap_fixed_ap_fixed_16_6_5_3_0_ap_fixed_16_6_5_3_0_s_fu_410  |product_ap_fixed_ap_fixed_16_6_5_3_0_ap_fixed_16_6_5_3_0_s  |        0|      1|  46|   9|    0|
    |grp_product_ap_fixed_ap_fixed_16_6_5_3_0_ap_fixed_16_6_5_3_0_s_fu_418  |product_ap_fixed_ap_fixed_16_6_5_3_0_ap_fixed_16_6_5_3_0_s  |        0|      1|  46|   9|    0|
    |grp_product_ap_fixed_ap_fixed_16_6_5_3_0_ap_fixed_16_6_5_3_0_s_fu_426  |product_ap_fixed_ap_fixed_16_6_5_3_0_ap_fixed_16_6_5_3_0_s  |        0|      1|  46|   9|    0|
    |grp_product_ap_fixed_ap_fixed_16_6_5_3_0_ap_fixed_16_6_5_3_0_s_fu_434  |product_ap_fixed_ap_fixed_16_6_5_3_0_ap_fixed_16_6_5_3_0_s  |        0|      1|  46|   9|    0|
    +-----------------------------------------------------------------------+------------------------------------------------------------+---------+-------+----+----+-----+
    |Total                                                                  |                                                            |        0|     33|1518| 297|    0|
    +-----------------------------------------------------------------------+------------------------------------------------------------+---------+-------+----+----+-----+

    * DSP48E: 
    N/A

    * Memory: 
    N/A

    * FIFO: 
    N/A

    * Expression: 
    +----------------------------------+----------+-------+---+----+------------+------------+
    |           Variable Name          | Operation| DSP48E| FF| LUT| Bitwidth P0| Bitwidth P1|
    +----------------------------------+----------+-------+---+----+------------+------------+
    |acc_1_V_fu_568_p2                 |     +    |      0|  0|  16|          16|          16|
    |acc_2_V_fu_634_p2                 |     +    |      0|  0|  16|          16|          16|
    |add_ln703_10_fu_502_p2            |     +    |      0|  0|  16|          16|          16|
    |add_ln703_11_fu_508_p2            |     +    |      0|  0|  16|          16|          16|
    |add_ln703_12_fu_514_p2            |     +    |      0|  0|  16|          16|          16|
    |add_ln703_13_fu_520_p2            |     +    |      0|  0|  16|          16|          16|
    |add_ln703_14_fu_526_p2            |     +    |      0|  0|  16|          16|          16|
    |add_ln703_15_fu_532_p2            |     +    |      0|  0|  16|          16|          16|
    |add_ln703_16_fu_538_p2            |     +    |      0|  0|  16|          16|          16|
    |add_ln703_17_fu_544_p2            |     +    |      0|  0|  16|          16|          16|
    |add_ln703_18_fu_550_p2            |     +    |      0|  0|  16|          16|           8|
    |add_ln703_19_fu_556_p2            |     +    |      0|  0|  16|          16|          16|
    |add_ln703_1_fu_448_p2             |     +    |      0|  0|  16|          16|          16|
    |add_ln703_20_fu_562_p2            |     +    |      0|  0|  16|          16|          16|
    |add_ln703_22_fu_574_p2            |     +    |      0|  0|  16|          16|          16|
    |add_ln703_23_fu_580_p2            |     +    |      0|  0|  16|          16|          16|
    |add_ln703_24_fu_586_p2            |     +    |      0|  0|  16|          16|          16|
    |add_ln703_25_fu_592_p2            |     +    |      0|  0|  16|          16|          16|
    |add_ln703_26_fu_598_p2            |     +    |      0|  0|  16|          16|          16|
    |add_ln703_27_fu_604_p2            |     +    |      0|  0|  16|          16|          16|
    |add_ln703_28_fu_610_p2            |     +    |      0|  0|  16|          16|          16|
    |add_ln703_29_fu_616_p2            |     +    |      0|  0|  16|          16|          10|
    |add_ln703_2_fu_454_p2             |     +    |      0|  0|  16|          16|          16|
    |add_ln703_30_fu_622_p2            |     +    |      0|  0|  16|          16|          16|
    |add_ln703_31_fu_628_p2            |     +    |      0|  0|  16|          16|          16|
    |add_ln703_3_fu_460_p2             |     +    |      0|  0|  16|          16|          16|
    |add_ln703_4_fu_466_p2             |     +    |      0|  0|  16|          16|          16|
    |add_ln703_5_fu_472_p2             |     +    |      0|  0|  16|          16|          16|
    |add_ln703_6_fu_478_p2             |     +    |      0|  0|  16|          16|          16|
    |add_ln703_7_fu_484_p2             |     +    |      0|  0|  16|          16|           9|
    |add_ln703_8_fu_490_p2             |     +    |      0|  0|  16|          16|          16|
    |add_ln703_9_fu_496_p2             |     +    |      0|  0|  16|          16|          16|
    |add_ln703_fu_442_p2               |     +    |      0|  0|  16|          16|          16|
    |ap_block_pp0_stage0_11001         |    or    |      0|  0|   2|           1|           1|
    |ap_block_state1_pp0_stage0_iter0  |    or    |      0|  0|   2|           1|           1|
    |ap_enable_pp0                     |    xor   |      0|  0|   2|           1|           2|
    +----------------------------------+----------+-------+---+----+------------+------------+
    |Total                             |          |      0|  0| 534|         531|         511|
    +----------------------------------+----------+-------+---+----+------------+------------+

    * Multiplexer: 
    +-------------+----+-----------+-----+-----------+
    |     Name    | LUT| Input Size| Bits| Total Bits|
    +-------------+----+-----------+-----+-----------+
    |ap_done      |   9|          2|    1|          2|
    |ap_return_0  |   9|          2|   16|         32|
    |ap_return_1  |   9|          2|   16|         32|
    |ap_return_2  |   9|          2|   16|         32|
    +-------------+----+-----------+-----+-----------+
    |Total        |  36|          8|   49|         98|
    +-------------+----+-----------+-----+-----------+

    * Register: 
    +-------------------------+----+----+-----+-----------+
    |           Name          | FF | LUT| Bits| Const Bits|
    +-------------------------+----+----+-----+-----------+
    |ap_CS_fsm                |   1|   0|    1|          0|
    |ap_done_reg              |   1|   0|    1|          0|
    |ap_enable_reg_pp0_iter1  |   1|   0|    1|          0|
    |ap_enable_reg_pp0_iter2  |   1|   0|    1|          0|
    |ap_enable_reg_pp0_iter3  |   1|   0|    1|          0|
    |ap_enable_reg_pp0_iter4  |   1|   0|    1|          0|
    |ap_return_0_preg         |  16|   0|   16|          0|
    |ap_return_1_preg         |  16|   0|   16|          0|
    |ap_return_2_preg         |  16|   0|   16|          0|
    +-------------------------+----+----+-----+-----------+
    |Total                    |  54|   0|   54|          0|
    +-------------------------+----+----+-----+-----------+



================================================================
== Interface
================================================================
* Summary: 
+-------------+-----+-----+------------+--------------------------------------------------------------+--------------+
|  RTL Ports  | Dir | Bits|  Protocol  |                         Source Object                        |    C Type    |
+-------------+-----+-----+------------+--------------------------------------------------------------+--------------+
|ap_clk       |  in |    1| ap_ctrl_hs | dense_latency<ap_fixed,ap_fixed<16,6,5,3,0>,config9>.0.0.0.0 | return value |
|ap_rst       |  in |    1| ap_ctrl_hs | dense_latency<ap_fixed,ap_fixed<16,6,5,3,0>,config9>.0.0.0.0 | return value |
|ap_start     |  in |    1| ap_ctrl_hs | dense_latency<ap_fixed,ap_fixed<16,6,5,3,0>,config9>.0.0.0.0 | return value |
|ap_done      | out |    1| ap_ctrl_hs | dense_latency<ap_fixed,ap_fixed<16,6,5,3,0>,config9>.0.0.0.0 | return value |
|ap_continue  |  in |    1| ap_ctrl_hs | dense_latency<ap_fixed,ap_fixed<16,6,5,3,0>,config9>.0.0.0.0 | return value |
|ap_idle      | out |    1| ap_ctrl_hs | dense_latency<ap_fixed,ap_fixed<16,6,5,3,0>,config9>.0.0.0.0 | return value |
|ap_ready     | out |    1| ap_ctrl_hs | dense_latency<ap_fixed,ap_fixed<16,6,5,3,0>,config9>.0.0.0.0 | return value |
|ap_return_0  | out |   16| ap_ctrl_hs | dense_latency<ap_fixed,ap_fixed<16,6,5,3,0>,config9>.0.0.0.0 | return value |
|ap_return_1  | out |   16| ap_ctrl_hs | dense_latency<ap_fixed,ap_fixed<16,6,5,3,0>,config9>.0.0.0.0 | return value |
|ap_return_2  | out |   16| ap_ctrl_hs | dense_latency<ap_fixed,ap_fixed<16,6,5,3,0>,config9>.0.0.0.0 | return value |
|p_read       |  in |   16|   ap_none  |                            p_read                            |    scalar    |
|p_read1      |  in |   16|   ap_none  |                            p_read1                           |    scalar    |
|p_read2      |  in |   16|   ap_none  |                            p_read2                           |    scalar    |
|p_read3      |  in |   16|   ap_none  |                            p_read3                           |    scalar    |
|p_read4      |  in |   16|   ap_none  |                            p_read4                           |    scalar    |
|p_read5      |  in |   16|   ap_none  |                            p_read5                           |    scalar    |
|p_read6      |  in |   16|   ap_none  |                            p_read6                           |    scalar    |
|p_read7      |  in |   16|   ap_none  |                            p_read7                           |    scalar    |
|p_read8      |  in |   16|   ap_none  |                            p_read8                           |    scalar    |
|p_read9      |  in |   16|   ap_none  |                            p_read9                           |    scalar    |
|p_read10     |  in |   16|   ap_none  |                           p_read10                           |    scalar    |
+-------------+-----+-----+------------+--------------------------------------------------------------+--------------+

