

================================================================
== Vivado HLS Report for 'normalize_0_0_0_0_0_0_0_0_0_0_0_0_0_0_0_0_0_0_0_0_0_0_0_0_0_0_0_0_0_0_0_0_0_0_0_1'
================================================================
* Date:           Wed Apr  5 19:39:38 2023

* Version:        2019.2 (Build 2704478 on Wed Nov 06 22:10:23 MST 2019)
* Project:        alveo_hls4ml
* Solution:       solution
* Product family: virtexuplus
* Target device:  xcu50-fsvh2104-2L-e


================================================================
== Performance Estimates
================================================================
+ Timing: 
    * Summary: 
    +--------+---------+----------+------------+
    |  Clock |  Target | Estimated| Uncertainty|
    +--------+---------+----------+------------+
    |ap_clk  | 4.00 ns | 2.567 ns |   0.90 ns  |
    +--------+---------+----------+------------+

+ Latency: 
    * Summary: 
    +---------+---------+----------+----------+-----+-----+----------+
    |  Latency (cycles) |  Latency (absolute) |  Interval | Pipeline |
    |   min   |   max   |    min   |    max   | min | max |   Type   |
    +---------+---------+----------+----------+-----+-----+----------+
    |        1|        1| 4.000 ns | 4.000 ns |    1|    1| function |
    +---------+---------+----------+----------+-----+-----+----------+

    + Detail: 
        * Instance: 
        N/A

        * Loop: 
        N/A



================================================================
== Utilization Estimates
================================================================
* Summary: 
+---------------------+---------+-------+---------+--------+-----+
|         Name        | BRAM_18K| DSP48E|    FF   |   LUT  | URAM|
+---------------------+---------+-------+---------+--------+-----+
|DSP                  |        -|      -|        -|       -|    -|
|Expression           |        -|      8|        0|     295|    -|
|FIFO                 |        -|      -|        -|       -|    -|
|Instance             |        -|      -|        -|       -|    -|
|Memory               |        -|      -|        -|       -|    -|
|Multiplexer          |        -|      -|        -|     189|    -|
|Register             |        -|      -|      312|       -|    -|
+---------------------+---------+-------+---------+--------+-----+
|Total                |        0|      8|      312|     484|    0|
+---------------------+---------+-------+---------+--------+-----+
|Available SLR        |     1344|   2976|   871680|  435840|  320|
+---------------------+---------+-------+---------+--------+-----+
|Utilization SLR (%)  |        0|   ~0  |    ~0   |   ~0   |    0|
+---------------------+---------+-------+---------+--------+-----+
|Available            |     2688|   5952|  1743360|  871680|  640|
+---------------------+---------+-------+---------+--------+-----+
|Utilization (%)      |        0|   ~0  |    ~0   |   ~0   |    0|
+---------------------+---------+-------+---------+--------+-----+

+ Detail: 
    * Instance: 
    N/A

    * DSP48E: 
    N/A

    * Memory: 
    N/A

    * FIFO: 
    N/A

    * Expression: 
    +----------------------------------+----------+-------+---+----+------------+------------+
    |           Variable Name          | Operation| DSP48E| FF| LUT| Bitwidth P0| Bitwidth P1|
    +----------------------------------+----------+-------+---+----+------------+------------+
    |mul_ln1192_1_fu_179_p2            |     *    |      1|  0|   5|          16|          12|
    |mul_ln1192_2_fu_185_p2            |     *    |      1|  0|   5|          16|          11|
    |mul_ln1192_3_fu_187_p2            |     *    |      1|  0|   5|          16|          12|
    |mul_ln1192_4_fu_186_p2            |     *    |      1|  0|   5|          16|          12|
    |mul_ln1192_5_fu_174_p2            |     *    |      1|  0|   5|          16|          12|
    |mul_ln1192_6_fu_173_p2            |     *    |      1|  0|   5|          16|          13|
    |mul_ln1192_7_fu_175_p2            |     *    |      1|  0|   5|          16|          14|
    |mul_ln1192_fu_170_p2              |     *    |      1|  0|   5|          16|          16|
    |add_ln1192_1_fu_861_p2            |     +    |      0|  0|  19|          19|          18|
    |add_ln1192_2_fu_887_p2            |     +    |      0|  0|  26|          26|          13|
    |add_ln1192_3_fu_907_p2            |     +    |      0|  0|  26|          26|          21|
    |add_ln1192_4_fu_927_p2            |     +    |      0|  0|  26|          26|          21|
    |add_ln1192_5_fu_947_p2            |     +    |      0|  0|  26|          26|          21|
    |add_ln1192_6_fu_967_p2            |     +    |      0|  0|  26|          26|          21|
    |add_ln1192_7_fu_987_p2            |     +    |      0|  0|  26|          26|          20|
    |add_ln1192_8_fu_1007_p2           |     +    |      0|  0|  26|          26|          20|
    |add_ln1192_9_fu_1027_p2           |     +    |      0|  0|  26|          26|          20|
    |add_ln1192_fu_833_p2              |     +    |      0|  0|  22|          22|          17|
    |ap_block_pp0_stage0_11001         |    or    |      0|  0|   2|           1|           1|
    |ap_block_state1_pp0_stage0_iter0  |    or    |      0|  0|   2|           1|           1|
    |ap_enable_pp0                     |    xor   |      0|  0|   2|           1|           2|
    +----------------------------------+----------+-------+---+----+------------+------------+
    |Total                             |          |      8|  0| 295|         380|         298|
    +----------------------------------+----------+-------+---+----+------------+------------+

    * Multiplexer: 
    +---------------+----+-----------+-----+-----------+
    |      Name     | LUT| Input Size| Bits| Total Bits|
    +---------------+----+-----------+-----+-----------+
    |ap_done        |   9|          2|    1|          2|
    |ap_return_0    |   9|          2|   16|         32|
    |ap_return_1    |   9|          2|   16|         32|
    |ap_return_2    |   9|          2|   16|         32|
    |ap_return_3    |   9|          2|   16|         32|
    |ap_return_4    |   9|          2|   16|         32|
    |ap_return_5    |   9|          2|   16|         32|
    |ap_return_6    |   9|          2|   16|         32|
    |ap_return_7    |   9|          2|   16|         32|
    |ap_return_8    |   9|          2|   16|         32|
    |ap_return_9    |   9|          2|   16|         32|
    |p_read1_blk_n  |   9|          2|    1|          2|
    |p_read2_blk_n  |   9|          2|    1|          2|
    |p_read3_blk_n  |   9|          2|    1|          2|
    |p_read4_blk_n  |   9|          2|    1|          2|
    |p_read5_blk_n  |   9|          2|    1|          2|
    |p_read6_blk_n  |   9|          2|    1|          2|
    |p_read7_blk_n  |   9|          2|    1|          2|
    |p_read8_blk_n  |   9|          2|    1|          2|
    |p_read9_blk_n  |   9|          2|    1|          2|
    |p_read_blk_n   |   9|          2|    1|          2|
    +---------------+----+-----------+-----+-----------+
    |Total          | 189|         42|  171|        342|
    +---------------+----+-----------+-----+-----------+

    * Register: 
    +-------------------------+----+----+-----+-----------+
    |           Name          | FF | LUT| Bits| Const Bits|
    +-------------------------+----+----+-----+-----------+
    |ap_CS_fsm                |   1|   0|    1|          0|
    |ap_done_reg              |   1|   0|    1|          0|
    |ap_enable_reg_pp0_iter1  |   1|   0|    1|          0|
    |ap_return_0_preg         |  16|   0|   16|          0|
    |ap_return_1_preg         |  16|   0|   16|          0|
    |ap_return_2_preg         |  16|   0|   16|          0|
    |ap_return_3_preg         |  16|   0|   16|          0|
    |ap_return_4_preg         |  16|   0|   16|          0|
    |ap_return_5_preg         |  16|   0|   16|          0|
    |ap_return_6_preg         |  16|   0|   16|          0|
    |ap_return_7_preg         |  16|   0|   16|          0|
    |ap_return_8_preg         |  16|   0|   16|          0|
    |ap_return_9_preg         |  16|   0|   16|          0|
    |p_read_10_reg_1138       |  16|   0|   16|          0|
    |p_read_3_reg_1103        |  16|   0|   16|          0|
    |p_read_4_reg_1108        |  16|   0|   16|          0|
    |p_read_5_reg_1113        |  16|   0|   16|          0|
    |p_read_6_reg_1118        |  16|   0|   16|          0|
    |p_read_7_reg_1123        |  16|   0|   16|          0|
    |p_read_8_reg_1128        |  16|   0|   16|          0|
    |p_read_9_reg_1133        |  16|   0|   16|          0|
    |trunc_ln708_i_reg_1148   |   9|   0|    9|          0|
    |trunc_ln_i_reg_1143      |  12|   0|   12|          0|
    +-------------------------+----+----+-----+-----------+
    |Total                    | 312|   0|  312|          0|
    +-------------------------+----+----+-----+-----------+



================================================================
== Interface
================================================================
* Summary: 
+-----------------+-----+-----+------------+------------------------------------------------------------------------------------+--------------+
|    RTL Ports    | Dir | Bits|  Protocol  |                                    Source Object                                   |    C Type    |
+-----------------+-----+-----+------------+------------------------------------------------------------------------------------+--------------+
|ap_clk           |  in |    1| ap_ctrl_hs | normalize.0.0.0.0.0.0.0.0.0.0.0.0.0.0.0.0.0.0.0.0.0.0.0.0.0.0.0.0.0.0.0.0.0.0.0..1 | return value |
|ap_rst           |  in |    1| ap_ctrl_hs | normalize.0.0.0.0.0.0.0.0.0.0.0.0.0.0.0.0.0.0.0.0.0.0.0.0.0.0.0.0.0.0.0.0.0.0.0..1 | return value |
|ap_start         |  in |    1| ap_ctrl_hs | normalize.0.0.0.0.0.0.0.0.0.0.0.0.0.0.0.0.0.0.0.0.0.0.0.0.0.0.0.0.0.0.0.0.0.0.0..1 | return value |
|ap_done          | out |    1| ap_ctrl_hs | normalize.0.0.0.0.0.0.0.0.0.0.0.0.0.0.0.0.0.0.0.0.0.0.0.0.0.0.0.0.0.0.0.0.0.0.0..1 | return value |
|ap_continue      |  in |    1| ap_ctrl_hs | normalize.0.0.0.0.0.0.0.0.0.0.0.0.0.0.0.0.0.0.0.0.0.0.0.0.0.0.0.0.0.0.0.0.0.0.0..1 | return value |
|ap_idle          | out |    1| ap_ctrl_hs | normalize.0.0.0.0.0.0.0.0.0.0.0.0.0.0.0.0.0.0.0.0.0.0.0.0.0.0.0.0.0.0.0.0.0.0.0..1 | return value |
|ap_ready         | out |    1| ap_ctrl_hs | normalize.0.0.0.0.0.0.0.0.0.0.0.0.0.0.0.0.0.0.0.0.0.0.0.0.0.0.0.0.0.0.0.0.0.0.0..1 | return value |
|ap_return_0      | out |   16| ap_ctrl_hs | normalize.0.0.0.0.0.0.0.0.0.0.0.0.0.0.0.0.0.0.0.0.0.0.0.0.0.0.0.0.0.0.0.0.0.0.0..1 | return value |
|ap_return_1      | out |   16| ap_ctrl_hs | normalize.0.0.0.0.0.0.0.0.0.0.0.0.0.0.0.0.0.0.0.0.0.0.0.0.0.0.0.0.0.0.0.0.0.0.0..1 | return value |
|ap_return_2      | out |   16| ap_ctrl_hs | normalize.0.0.0.0.0.0.0.0.0.0.0.0.0.0.0.0.0.0.0.0.0.0.0.0.0.0.0.0.0.0.0.0.0.0.0..1 | return value |
|ap_return_3      | out |   16| ap_ctrl_hs | normalize.0.0.0.0.0.0.0.0.0.0.0.0.0.0.0.0.0.0.0.0.0.0.0.0.0.0.0.0.0.0.0.0.0.0.0..1 | return value |
|ap_return_4      | out |   16| ap_ctrl_hs | normalize.0.0.0.0.0.0.0.0.0.0.0.0.0.0.0.0.0.0.0.0.0.0.0.0.0.0.0.0.0.0.0.0.0.0.0..1 | return value |
|ap_return_5      | out |   16| ap_ctrl_hs | normalize.0.0.0.0.0.0.0.0.0.0.0.0.0.0.0.0.0.0.0.0.0.0.0.0.0.0.0.0.0.0.0.0.0.0.0..1 | return value |
|ap_return_6      | out |   16| ap_ctrl_hs | normalize.0.0.0.0.0.0.0.0.0.0.0.0.0.0.0.0.0.0.0.0.0.0.0.0.0.0.0.0.0.0.0.0.0.0.0..1 | return value |
|ap_return_7      | out |   16| ap_ctrl_hs | normalize.0.0.0.0.0.0.0.0.0.0.0.0.0.0.0.0.0.0.0.0.0.0.0.0.0.0.0.0.0.0.0.0.0.0.0..1 | return value |
|ap_return_8      | out |   16| ap_ctrl_hs | normalize.0.0.0.0.0.0.0.0.0.0.0.0.0.0.0.0.0.0.0.0.0.0.0.0.0.0.0.0.0.0.0.0.0.0.0..1 | return value |
|ap_return_9      | out |   16| ap_ctrl_hs | normalize.0.0.0.0.0.0.0.0.0.0.0.0.0.0.0.0.0.0.0.0.0.0.0.0.0.0.0.0.0.0.0.0.0.0.0..1 | return value |
|p_read_dout      |  in |   16|   ap_fifo  |                                       p_read                                       |    pointer   |
|p_read_empty_n   |  in |    1|   ap_fifo  |                                       p_read                                       |    pointer   |
|p_read_read      | out |    1|   ap_fifo  |                                       p_read                                       |    pointer   |
|p_read1_dout     |  in |   16|   ap_fifo  |                                       p_read1                                      |    pointer   |
|p_read1_empty_n  |  in |    1|   ap_fifo  |                                       p_read1                                      |    pointer   |
|p_read1_read     | out |    1|   ap_fifo  |                                       p_read1                                      |    pointer   |
|p_read2_dout     |  in |   16|   ap_fifo  |                                       p_read2                                      |    pointer   |
|p_read2_empty_n  |  in |    1|   ap_fifo  |                                       p_read2                                      |    pointer   |
|p_read2_read     | out |    1|   ap_fifo  |                                       p_read2                                      |    pointer   |
|p_read3_dout     |  in |   16|   ap_fifo  |                                       p_read3                                      |    pointer   |
|p_read3_empty_n  |  in |    1|   ap_fifo  |                                       p_read3                                      |    pointer   |
|p_read3_read     | out |    1|   ap_fifo  |                                       p_read3                                      |    pointer   |
|p_read4_dout     |  in |   16|   ap_fifo  |                                       p_read4                                      |    pointer   |
|p_read4_empty_n  |  in |    1|   ap_fifo  |                                       p_read4                                      |    pointer   |
|p_read4_read     | out |    1|   ap_fifo  |                                       p_read4                                      |    pointer   |
|p_read5_dout     |  in |   16|   ap_fifo  |                                       p_read5                                      |    pointer   |
|p_read5_empty_n  |  in |    1|   ap_fifo  |                                       p_read5                                      |    pointer   |
|p_read5_read     | out |    1|   ap_fifo  |                                       p_read5                                      |    pointer   |
|p_read6_dout     |  in |   16|   ap_fifo  |                                       p_read6                                      |    pointer   |
|p_read6_empty_n  |  in |    1|   ap_fifo  |                                       p_read6                                      |    pointer   |
|p_read6_read     | out |    1|   ap_fifo  |                                       p_read6                                      |    pointer   |
|p_read7_dout     |  in |   16|   ap_fifo  |                                       p_read7                                      |    pointer   |
|p_read7_empty_n  |  in |    1|   ap_fifo  |                                       p_read7                                      |    pointer   |
|p_read7_read     | out |    1|   ap_fifo  |                                       p_read7                                      |    pointer   |
|p_read8_dout     |  in |   16|   ap_fifo  |                                       p_read8                                      |    pointer   |
|p_read8_empty_n  |  in |    1|   ap_fifo  |                                       p_read8                                      |    pointer   |
|p_read8_read     | out |    1|   ap_fifo  |                                       p_read8                                      |    pointer   |
|p_read9_dout     |  in |   16|   ap_fifo  |                                       p_read9                                      |    pointer   |
|p_read9_empty_n  |  in |    1|   ap_fifo  |                                       p_read9                                      |    pointer   |
|p_read9_read     | out |    1|   ap_fifo  |                                       p_read9                                      |    pointer   |
+-----------------+-----+-----+------------+------------------------------------------------------------------------------------+--------------+

