

================================================================
== Vivado HLS Report for 'relu_ap_fixed_16_6_5_3_0_ap_fixed_16_6_5_3_0_relu_config7_s'
================================================================
* Date:           Wed Apr  5 19:39:54 2023

* Version:        2019.2 (Build 2704478 on Wed Nov 06 22:10:23 MST 2019)
* Project:        alveo_hls4ml
* Solution:       solution
* Product family: virtexuplus
* Target device:  xcu50-fsvh2104-2L-e


================================================================
== Performance Estimates
================================================================
+ Timing: 
    * Summary: 
    +--------+---------+----------+------------+
    |  Clock |  Target | Estimated| Uncertainty|
    +--------+---------+----------+------------+
    |ap_clk  | 4.00 ns | 0.969 ns |   0.90 ns  |
    +--------+---------+----------+------------+

+ Latency: 
    * Summary: 
    +---------+---------+----------+----------+-----+-----+----------+
    |  Latency (cycles) |  Latency (absolute) |  Interval | Pipeline |
    |   min   |   max   |    min   |    max   | min | max |   Type   |
    +---------+---------+----------+----------+-----+-----+----------+
    |        0|        0|   0 ns   |   0 ns   |    1|    1| function |
    +---------+---------+----------+----------+-----+-----+----------+

    + Detail: 
        * Instance: 
        N/A

        * Loop: 
        N/A



================================================================
== Utilization Estimates
================================================================
* Summary: 
+---------------------+---------+-------+---------+--------+-----+
|         Name        | BRAM_18K| DSP48E|    FF   |   LUT  | URAM|
+---------------------+---------+-------+---------+--------+-----+
|DSP                  |        -|      -|        -|       -|    -|
|Expression           |        -|      -|        0|     310|    -|
|FIFO                 |        -|      -|        -|       -|    -|
|Instance             |        -|      -|        -|       -|    -|
|Memory               |        -|      -|        -|       -|    -|
|Multiplexer          |        -|      -|        -|     108|    -|
|Register             |        -|      -|      167|       -|    -|
+---------------------+---------+-------+---------+--------+-----+
|Total                |        0|      0|      167|     418|    0|
+---------------------+---------+-------+---------+--------+-----+
|Available SLR        |     1344|   2976|   871680|  435840|  320|
+---------------------+---------+-------+---------+--------+-----+
|Utilization SLR (%)  |        0|      0|    ~0   |   ~0   |    0|
+---------------------+---------+-------+---------+--------+-----+
|Available            |     2688|   5952|  1743360|  871680|  640|
+---------------------+---------+-------+---------+--------+-----+
|Utilization (%)      |        0|      0|    ~0   |   ~0   |    0|
+---------------------+---------+-------+---------+--------+-----+

+ Detail: 
    * Instance: 
    N/A

    * DSP48E: 
    N/A

    * Memory: 
    N/A

    * FIFO: 
    N/A

    * Expression: 
    +--------------------------+----------+-------+---+----+------------+------------+
    |       Variable Name      | Operation| DSP48E| FF| LUT| Bitwidth P0| Bitwidth P1|
    +--------------------------+----------+-------+---+----+------------+------------+
    |icmp_ln1494_10_fu_296_p2  |   icmp   |      0|  0|  13|          16|           1|
    |icmp_ln1494_1_fu_134_p2   |   icmp   |      0|  0|  13|          16|           1|
    |icmp_ln1494_2_fu_152_p2   |   icmp   |      0|  0|  13|          16|           1|
    |icmp_ln1494_3_fu_170_p2   |   icmp   |      0|  0|  13|          16|           1|
    |icmp_ln1494_4_fu_188_p2   |   icmp   |      0|  0|  13|          16|           1|
    |icmp_ln1494_5_fu_206_p2   |   icmp   |      0|  0|  13|          16|           1|
    |icmp_ln1494_6_fu_224_p2   |   icmp   |      0|  0|  13|          16|           1|
    |icmp_ln1494_7_fu_242_p2   |   icmp   |      0|  0|  13|          16|           1|
    |icmp_ln1494_8_fu_260_p2   |   icmp   |      0|  0|  13|          16|           1|
    |icmp_ln1494_9_fu_278_p2   |   icmp   |      0|  0|  13|          16|           1|
    |icmp_ln1494_fu_116_p2     |   icmp   |      0|  0|  13|          16|           1|
    |ap_block_state1           |    or    |      0|  0|   2|           1|           1|
    |select_ln83_10_fu_302_p3  |  select  |      0|  0|  15|           1|          15|
    |select_ln83_1_fu_140_p3   |  select  |      0|  0|  15|           1|          15|
    |select_ln83_2_fu_158_p3   |  select  |      0|  0|  15|           1|          15|
    |select_ln83_3_fu_176_p3   |  select  |      0|  0|  15|           1|          15|
    |select_ln83_4_fu_194_p3   |  select  |      0|  0|  15|           1|          15|
    |select_ln83_5_fu_212_p3   |  select  |      0|  0|  15|           1|          15|
    |select_ln83_6_fu_230_p3   |  select  |      0|  0|  15|           1|          15|
    |select_ln83_7_fu_248_p3   |  select  |      0|  0|  15|           1|          15|
    |select_ln83_8_fu_266_p3   |  select  |      0|  0|  15|           1|          15|
    |select_ln83_9_fu_284_p3   |  select  |      0|  0|  15|           1|          15|
    |select_ln83_fu_122_p3     |  select  |      0|  0|  15|           1|          15|
    +--------------------------+----------+-------+---+----+------------+------------+
    |Total                     |          |      0|  0| 310|         188|         177|
    +--------------------------+----------+-------+---+----+------------+------------+

    * Multiplexer: 
    +--------------+----+-----------+-----+-----------+
    |     Name     | LUT| Input Size| Bits| Total Bits|
    +--------------+----+-----------+-----+-----------+
    |ap_done       |   9|          2|    1|          2|
    |ap_return_0   |   9|          2|   15|         30|
    |ap_return_1   |   9|          2|   15|         30|
    |ap_return_10  |   9|          2|   15|         30|
    |ap_return_2   |   9|          2|   15|         30|
    |ap_return_3   |   9|          2|   15|         30|
    |ap_return_4   |   9|          2|   15|         30|
    |ap_return_5   |   9|          2|   15|         30|
    |ap_return_6   |   9|          2|   15|         30|
    |ap_return_7   |   9|          2|   15|         30|
    |ap_return_8   |   9|          2|   15|         30|
    |ap_return_9   |   9|          2|   15|         30|
    +--------------+----+-----------+-----+-----------+
    |Total         | 108|         24|  166|        332|
    +--------------+----+-----------+-----+-----------+

    * Register: 
    +-------------------+----+----+-----+-----------+
    |        Name       | FF | LUT| Bits| Const Bits|
    +-------------------+----+----+-----+-----------+
    |ap_CS_fsm          |   1|   0|    1|          0|
    |ap_done_reg        |   1|   0|    1|          0|
    |ap_return_0_preg   |  15|   0|   15|          0|
    |ap_return_10_preg  |  15|   0|   15|          0|
    |ap_return_1_preg   |  15|   0|   15|          0|
    |ap_return_2_preg   |  15|   0|   15|          0|
    |ap_return_3_preg   |  15|   0|   15|          0|
    |ap_return_4_preg   |  15|   0|   15|          0|
    |ap_return_5_preg   |  15|   0|   15|          0|
    |ap_return_6_preg   |  15|   0|   15|          0|
    |ap_return_7_preg   |  15|   0|   15|          0|
    |ap_return_8_preg   |  15|   0|   15|          0|
    |ap_return_9_preg   |  15|   0|   15|          0|
    +-------------------+----+----+-----+-----------+
    |Total              | 167|   0|  167|          0|
    +-------------------+----+----+-----+-----------+



================================================================
== Interface
================================================================
* Summary: 
+----------------+-----+-----+------------+------------------------------------------------------------------------+--------------+
|    RTL Ports   | Dir | Bits|  Protocol  |                              Source Object                             |    C Type    |
+----------------+-----+-----+------------+------------------------------------------------------------------------+--------------+
|ap_clk          |  in |    1| ap_ctrl_hs | relu<ap_fixed<16, 6, 5, 3, 0>, ap_fixed<16, 6, 5, 3, 0>, relu_config7> | return value |
|ap_rst          |  in |    1| ap_ctrl_hs | relu<ap_fixed<16, 6, 5, 3, 0>, ap_fixed<16, 6, 5, 3, 0>, relu_config7> | return value |
|ap_start        |  in |    1| ap_ctrl_hs | relu<ap_fixed<16, 6, 5, 3, 0>, ap_fixed<16, 6, 5, 3, 0>, relu_config7> | return value |
|ap_done         | out |    1| ap_ctrl_hs | relu<ap_fixed<16, 6, 5, 3, 0>, ap_fixed<16, 6, 5, 3, 0>, relu_config7> | return value |
|ap_continue     |  in |    1| ap_ctrl_hs | relu<ap_fixed<16, 6, 5, 3, 0>, ap_fixed<16, 6, 5, 3, 0>, relu_config7> | return value |
|ap_idle         | out |    1| ap_ctrl_hs | relu<ap_fixed<16, 6, 5, 3, 0>, ap_fixed<16, 6, 5, 3, 0>, relu_config7> | return value |
|ap_ready        | out |    1| ap_ctrl_hs | relu<ap_fixed<16, 6, 5, 3, 0>, ap_fixed<16, 6, 5, 3, 0>, relu_config7> | return value |
|ap_return_0     | out |   15| ap_ctrl_hs | relu<ap_fixed<16, 6, 5, 3, 0>, ap_fixed<16, 6, 5, 3, 0>, relu_config7> | return value |
|ap_return_1     | out |   15| ap_ctrl_hs | relu<ap_fixed<16, 6, 5, 3, 0>, ap_fixed<16, 6, 5, 3, 0>, relu_config7> | return value |
|ap_return_2     | out |   15| ap_ctrl_hs | relu<ap_fixed<16, 6, 5, 3, 0>, ap_fixed<16, 6, 5, 3, 0>, relu_config7> | return value |
|ap_return_3     | out |   15| ap_ctrl_hs | relu<ap_fixed<16, 6, 5, 3, 0>, ap_fixed<16, 6, 5, 3, 0>, relu_config7> | return value |
|ap_return_4     | out |   15| ap_ctrl_hs | relu<ap_fixed<16, 6, 5, 3, 0>, ap_fixed<16, 6, 5, 3, 0>, relu_config7> | return value |
|ap_return_5     | out |   15| ap_ctrl_hs | relu<ap_fixed<16, 6, 5, 3, 0>, ap_fixed<16, 6, 5, 3, 0>, relu_config7> | return value |
|ap_return_6     | out |   15| ap_ctrl_hs | relu<ap_fixed<16, 6, 5, 3, 0>, ap_fixed<16, 6, 5, 3, 0>, relu_config7> | return value |
|ap_return_7     | out |   15| ap_ctrl_hs | relu<ap_fixed<16, 6, 5, 3, 0>, ap_fixed<16, 6, 5, 3, 0>, relu_config7> | return value |
|ap_return_8     | out |   15| ap_ctrl_hs | relu<ap_fixed<16, 6, 5, 3, 0>, ap_fixed<16, 6, 5, 3, 0>, relu_config7> | return value |
|ap_return_9     | out |   15| ap_ctrl_hs | relu<ap_fixed<16, 6, 5, 3, 0>, ap_fixed<16, 6, 5, 3, 0>, relu_config7> | return value |
|ap_return_10    | out |   15| ap_ctrl_hs | relu<ap_fixed<16, 6, 5, 3, 0>, ap_fixed<16, 6, 5, 3, 0>, relu_config7> | return value |
|data_0_V_read   |  in |   16|   ap_none  |                              data_0_V_read                             |    scalar    |
|data_1_V_read   |  in |   16|   ap_none  |                              data_1_V_read                             |    scalar    |
|data_2_V_read   |  in |   16|   ap_none  |                              data_2_V_read                             |    scalar    |
|data_3_V_read   |  in |   16|   ap_none  |                              data_3_V_read                             |    scalar    |
|data_4_V_read   |  in |   16|   ap_none  |                              data_4_V_read                             |    scalar    |
|data_5_V_read   |  in |   16|   ap_none  |                              data_5_V_read                             |    scalar    |
|data_6_V_read   |  in |   16|   ap_none  |                              data_6_V_read                             |    scalar    |
|data_7_V_read   |  in |   16|   ap_none  |                              data_7_V_read                             |    scalar    |
|data_8_V_read   |  in |   16|   ap_none  |                              data_8_V_read                             |    scalar    |
|data_9_V_read   |  in |   16|   ap_none  |                              data_9_V_read                             |    scalar    |
|data_10_V_read  |  in |   16|   ap_none  |                             data_10_V_read                             |    scalar    |
+----------------+-----+-----+------------+------------------------------------------------------------------------+--------------+

