

================================================================
== Vivado HLS Report for 'relu_ap_fixed_16_6_5_3_0_ap_fixed_16_6_5_3_0_relu_config4_s'
================================================================
* Date:           Wed Apr  5 19:39:47 2023

* Version:        2019.2 (Build 2704478 on Wed Nov 06 22:10:23 MST 2019)
* Project:        alveo_hls4ml
* Solution:       solution
* Product family: virtexuplus
* Target device:  xcu50-fsvh2104-2L-e


================================================================
== Performance Estimates
================================================================
+ Timing: 
    * Summary: 
    +--------+---------+----------+------------+
    |  Clock |  Target | Estimated| Uncertainty|
    +--------+---------+----------+------------+
    |ap_clk  | 4.00 ns | 0.969 ns |   0.90 ns  |
    +--------+---------+----------+------------+

+ Latency: 
    * Summary: 
    +---------+---------+----------+----------+-----+-----+----------+
    |  Latency (cycles) |  Latency (absolute) |  Interval | Pipeline |
    |   min   |   max   |    min   |    max   | min | max |   Type   |
    +---------+---------+----------+----------+-----+-----+----------+
    |        0|        0|   0 ns   |   0 ns   |    1|    1| function |
    +---------+---------+----------+----------+-----+-----+----------+

    + Detail: 
        * Instance: 
        N/A

        * Loop: 
        N/A



================================================================
== Utilization Estimates
================================================================
* Summary: 
+---------------------+---------+-------+---------+--------+-----+
|         Name        | BRAM_18K| DSP48E|    FF   |   LUT  | URAM|
+---------------------+---------+-------+---------+--------+-----+
|DSP                  |        -|      -|        -|       -|    -|
|Expression           |        -|      -|        0|     870|    -|
|FIFO                 |        -|      -|        -|       -|    -|
|Instance             |        -|      -|        -|       -|    -|
|Memory               |        -|      -|        -|       -|    -|
|Multiplexer          |        -|      -|        -|     288|    -|
|Register             |        -|      -|      467|       -|    -|
+---------------------+---------+-------+---------+--------+-----+
|Total                |        0|      0|      467|    1158|    0|
+---------------------+---------+-------+---------+--------+-----+
|Available SLR        |     1344|   2976|   871680|  435840|  320|
+---------------------+---------+-------+---------+--------+-----+
|Utilization SLR (%)  |        0|      0|    ~0   |   ~0   |    0|
+---------------------+---------+-------+---------+--------+-----+
|Available            |     2688|   5952|  1743360|  871680|  640|
+---------------------+---------+-------+---------+--------+-----+
|Utilization (%)      |        0|      0|    ~0   |   ~0   |    0|
+---------------------+---------+-------+---------+--------+-----+

+ Detail: 
    * Instance: 
    N/A

    * DSP48E: 
    N/A

    * Memory: 
    N/A

    * FIFO: 
    N/A

    * Expression: 
    +--------------------------+----------+-------+---+----+------------+------------+
    |       Variable Name      | Operation| DSP48E| FF| LUT| Bitwidth P0| Bitwidth P1|
    +--------------------------+----------+-------+---+----+------------+------------+
    |icmp_ln1494_10_fu_456_p2  |   icmp   |      0|  0|  13|          16|           1|
    |icmp_ln1494_11_fu_474_p2  |   icmp   |      0|  0|  13|          16|           1|
    |icmp_ln1494_12_fu_492_p2  |   icmp   |      0|  0|  13|          16|           1|
    |icmp_ln1494_13_fu_510_p2  |   icmp   |      0|  0|  13|          16|           1|
    |icmp_ln1494_14_fu_528_p2  |   icmp   |      0|  0|  13|          16|           1|
    |icmp_ln1494_15_fu_546_p2  |   icmp   |      0|  0|  13|          16|           1|
    |icmp_ln1494_16_fu_564_p2  |   icmp   |      0|  0|  13|          16|           1|
    |icmp_ln1494_17_fu_582_p2  |   icmp   |      0|  0|  13|          16|           1|
    |icmp_ln1494_18_fu_600_p2  |   icmp   |      0|  0|  13|          16|           1|
    |icmp_ln1494_19_fu_618_p2  |   icmp   |      0|  0|  13|          16|           1|
    |icmp_ln1494_1_fu_294_p2   |   icmp   |      0|  0|  13|          16|           1|
    |icmp_ln1494_20_fu_636_p2  |   icmp   |      0|  0|  13|          16|           1|
    |icmp_ln1494_21_fu_654_p2  |   icmp   |      0|  0|  13|          16|           1|
    |icmp_ln1494_22_fu_672_p2  |   icmp   |      0|  0|  13|          16|           1|
    |icmp_ln1494_23_fu_690_p2  |   icmp   |      0|  0|  13|          16|           1|
    |icmp_ln1494_24_fu_708_p2  |   icmp   |      0|  0|  13|          16|           1|
    |icmp_ln1494_25_fu_726_p2  |   icmp   |      0|  0|  13|          16|           1|
    |icmp_ln1494_26_fu_744_p2  |   icmp   |      0|  0|  13|          16|           1|
    |icmp_ln1494_27_fu_762_p2  |   icmp   |      0|  0|  13|          16|           1|
    |icmp_ln1494_28_fu_780_p2  |   icmp   |      0|  0|  13|          16|           1|
    |icmp_ln1494_29_fu_798_p2  |   icmp   |      0|  0|  13|          16|           1|
    |icmp_ln1494_2_fu_312_p2   |   icmp   |      0|  0|  13|          16|           1|
    |icmp_ln1494_30_fu_816_p2  |   icmp   |      0|  0|  13|          16|           1|
    |icmp_ln1494_3_fu_330_p2   |   icmp   |      0|  0|  13|          16|           1|
    |icmp_ln1494_4_fu_348_p2   |   icmp   |      0|  0|  13|          16|           1|
    |icmp_ln1494_5_fu_366_p2   |   icmp   |      0|  0|  13|          16|           1|
    |icmp_ln1494_6_fu_384_p2   |   icmp   |      0|  0|  13|          16|           1|
    |icmp_ln1494_7_fu_402_p2   |   icmp   |      0|  0|  13|          16|           1|
    |icmp_ln1494_8_fu_420_p2   |   icmp   |      0|  0|  13|          16|           1|
    |icmp_ln1494_9_fu_438_p2   |   icmp   |      0|  0|  13|          16|           1|
    |icmp_ln1494_fu_276_p2     |   icmp   |      0|  0|  13|          16|           1|
    |ap_block_state1           |    or    |      0|  0|   2|           1|           1|
    |select_ln83_11_fu_300_p3  |  select  |      0|  0|  15|           1|          15|
    |select_ln83_12_fu_318_p3  |  select  |      0|  0|  15|           1|          15|
    |select_ln83_13_fu_336_p3  |  select  |      0|  0|  15|           1|          15|
    |select_ln83_14_fu_354_p3  |  select  |      0|  0|  15|           1|          15|
    |select_ln83_15_fu_372_p3  |  select  |      0|  0|  15|           1|          15|
    |select_ln83_16_fu_390_p3  |  select  |      0|  0|  15|           1|          15|
    |select_ln83_17_fu_408_p3  |  select  |      0|  0|  15|           1|          15|
    |select_ln83_18_fu_426_p3  |  select  |      0|  0|  15|           1|          15|
    |select_ln83_19_fu_444_p3  |  select  |      0|  0|  15|           1|          15|
    |select_ln83_20_fu_462_p3  |  select  |      0|  0|  15|           1|          15|
    |select_ln83_21_fu_480_p3  |  select  |      0|  0|  15|           1|          15|
    |select_ln83_22_fu_498_p3  |  select  |      0|  0|  15|           1|          15|
    |select_ln83_23_fu_516_p3  |  select  |      0|  0|  15|           1|          15|
    |select_ln83_24_fu_534_p3  |  select  |      0|  0|  15|           1|          15|
    |select_ln83_25_fu_552_p3  |  select  |      0|  0|  15|           1|          15|
    |select_ln83_26_fu_570_p3  |  select  |      0|  0|  15|           1|          15|
    |select_ln83_27_fu_588_p3  |  select  |      0|  0|  15|           1|          15|
    |select_ln83_28_fu_606_p3  |  select  |      0|  0|  15|           1|          15|
    |select_ln83_29_fu_624_p3  |  select  |      0|  0|  15|           1|          15|
    |select_ln83_30_fu_642_p3  |  select  |      0|  0|  15|           1|          15|
    |select_ln83_31_fu_660_p3  |  select  |      0|  0|  15|           1|          15|
    |select_ln83_32_fu_678_p3  |  select  |      0|  0|  15|           1|          15|
    |select_ln83_33_fu_696_p3  |  select  |      0|  0|  15|           1|          15|
    |select_ln83_34_fu_714_p3  |  select  |      0|  0|  15|           1|          15|
    |select_ln83_35_fu_732_p3  |  select  |      0|  0|  15|           1|          15|
    |select_ln83_36_fu_750_p3  |  select  |      0|  0|  15|           1|          15|
    |select_ln83_37_fu_768_p3  |  select  |      0|  0|  15|           1|          15|
    |select_ln83_38_fu_786_p3  |  select  |      0|  0|  15|           1|          15|
    |select_ln83_39_fu_804_p3  |  select  |      0|  0|  15|           1|          15|
    |select_ln83_40_fu_822_p3  |  select  |      0|  0|  15|           1|          15|
    |select_ln83_fu_282_p3     |  select  |      0|  0|  15|           1|          15|
    +--------------------------+----------+-------+---+----+------------+------------+
    |Total                     |          |      0|  0| 870|         528|         497|
    +--------------------------+----------+-------+---+----+------------+------------+

    * Multiplexer: 
    +--------------+----+-----------+-----+-----------+
    |     Name     | LUT| Input Size| Bits| Total Bits|
    +--------------+----+-----------+-----+-----------+
    |ap_done       |   9|          2|    1|          2|
    |ap_return_0   |   9|          2|   15|         30|
    |ap_return_1   |   9|          2|   15|         30|
    |ap_return_10  |   9|          2|   15|         30|
    |ap_return_11  |   9|          2|   15|         30|
    |ap_return_12  |   9|          2|   15|         30|
    |ap_return_13  |   9|          2|   15|         30|
    |ap_return_14  |   9|          2|   15|         30|
    |ap_return_15  |   9|          2|   15|         30|
    |ap_return_16  |   9|          2|   15|         30|
    |ap_return_17  |   9|          2|   15|         30|
    |ap_return_18  |   9|          2|   15|         30|
    |ap_return_19  |   9|          2|   15|         30|
    |ap_return_2   |   9|          2|   15|         30|
    |ap_return_20  |   9|          2|   15|         30|
    |ap_return_21  |   9|          2|   15|         30|
    |ap_return_22  |   9|          2|   15|         30|
    |ap_return_23  |   9|          2|   15|         30|
    |ap_return_24  |   9|          2|   15|         30|
    |ap_return_25  |   9|          2|   15|         30|
    |ap_return_26  |   9|          2|   15|         30|
    |ap_return_27  |   9|          2|   15|         30|
    |ap_return_28  |   9|          2|   15|         30|
    |ap_return_29  |   9|          2|   15|         30|
    |ap_return_3   |   9|          2|   15|         30|
    |ap_return_30  |   9|          2|   15|         30|
    |ap_return_4   |   9|          2|   15|         30|
    |ap_return_5   |   9|          2|   15|         30|
    |ap_return_6   |   9|          2|   15|         30|
    |ap_return_7   |   9|          2|   15|         30|
    |ap_return_8   |   9|          2|   15|         30|
    |ap_return_9   |   9|          2|   15|         30|
    +--------------+----+-----------+-----+-----------+
    |Total         | 288|         64|  466|        932|
    +--------------+----+-----------+-----+-----------+

    * Register: 
    +-------------------+----+----+-----+-----------+
    |        Name       | FF | LUT| Bits| Const Bits|
    +-------------------+----+----+-----+-----------+
    |ap_CS_fsm          |   1|   0|    1|          0|
    |ap_done_reg        |   1|   0|    1|          0|
    |ap_return_0_preg   |  15|   0|   15|          0|
    |ap_return_10_preg  |  15|   0|   15|          0|
    |ap_return_11_preg  |  15|   0|   15|          0|
    |ap_return_12_preg  |  15|   0|   15|          0|
    |ap_return_13_preg  |  15|   0|   15|          0|
    |ap_return_14_preg  |  15|   0|   15|          0|
    |ap_return_15_preg  |  15|   0|   15|          0|
    |ap_return_16_preg  |  15|   0|   15|          0|
    |ap_return_17_preg  |  15|   0|   15|          0|
    |ap_return_18_preg  |  15|   0|   15|          0|
    |ap_return_19_preg  |  15|   0|   15|          0|
    |ap_return_1_preg   |  15|   0|   15|          0|
    |ap_return_20_preg  |  15|   0|   15|          0|
    |ap_return_21_preg  |  15|   0|   15|          0|
    |ap_return_22_preg  |  15|   0|   15|          0|
    |ap_return_23_preg  |  15|   0|   15|          0|
    |ap_return_24_preg  |  15|   0|   15|          0|
    |ap_return_25_preg  |  15|   0|   15|          0|
    |ap_return_26_preg  |  15|   0|   15|          0|
    |ap_return_27_preg  |  15|   0|   15|          0|
    |ap_return_28_preg  |  15|   0|   15|          0|
    |ap_return_29_preg  |  15|   0|   15|          0|
    |ap_return_2_preg   |  15|   0|   15|          0|
    |ap_return_30_preg  |  15|   0|   15|          0|
    |ap_return_3_preg   |  15|   0|   15|          0|
    |ap_return_4_preg   |  15|   0|   15|          0|
    |ap_return_5_preg   |  15|   0|   15|          0|
    |ap_return_6_preg   |  15|   0|   15|          0|
    |ap_return_7_preg   |  15|   0|   15|          0|
    |ap_return_8_preg   |  15|   0|   15|          0|
    |ap_return_9_preg   |  15|   0|   15|          0|
    +-------------------+----+----+-----+-----------+
    |Total              | 467|   0|  467|          0|
    +-------------------+----+----+-----+-----------+



================================================================
== Interface
================================================================
* Summary: 
+----------------+-----+-----+------------+------------------------------------------------------------------------+--------------+
|    RTL Ports   | Dir | Bits|  Protocol  |                              Source Object                             |    C Type    |
+----------------+-----+-----+------------+------------------------------------------------------------------------+--------------+
|ap_clk          |  in |    1| ap_ctrl_hs | relu<ap_fixed<16, 6, 5, 3, 0>, ap_fixed<16, 6, 5, 3, 0>, relu_config4> | return value |
|ap_rst          |  in |    1| ap_ctrl_hs | relu<ap_fixed<16, 6, 5, 3, 0>, ap_fixed<16, 6, 5, 3, 0>, relu_config4> | return value |
|ap_start        |  in |    1| ap_ctrl_hs | relu<ap_fixed<16, 6, 5, 3, 0>, ap_fixed<16, 6, 5, 3, 0>, relu_config4> | return value |
|ap_done         | out |    1| ap_ctrl_hs | relu<ap_fixed<16, 6, 5, 3, 0>, ap_fixed<16, 6, 5, 3, 0>, relu_config4> | return value |
|ap_continue     |  in |    1| ap_ctrl_hs | relu<ap_fixed<16, 6, 5, 3, 0>, ap_fixed<16, 6, 5, 3, 0>, relu_config4> | return value |
|ap_idle         | out |    1| ap_ctrl_hs | relu<ap_fixed<16, 6, 5, 3, 0>, ap_fixed<16, 6, 5, 3, 0>, relu_config4> | return value |
|ap_ready        | out |    1| ap_ctrl_hs | relu<ap_fixed<16, 6, 5, 3, 0>, ap_fixed<16, 6, 5, 3, 0>, relu_config4> | return value |
|ap_return_0     | out |   15| ap_ctrl_hs | relu<ap_fixed<16, 6, 5, 3, 0>, ap_fixed<16, 6, 5, 3, 0>, relu_config4> | return value |
|ap_return_1     | out |   15| ap_ctrl_hs | relu<ap_fixed<16, 6, 5, 3, 0>, ap_fixed<16, 6, 5, 3, 0>, relu_config4> | return value |
|ap_return_2     | out |   15| ap_ctrl_hs | relu<ap_fixed<16, 6, 5, 3, 0>, ap_fixed<16, 6, 5, 3, 0>, relu_config4> | return value |
|ap_return_3     | out |   15| ap_ctrl_hs | relu<ap_fixed<16, 6, 5, 3, 0>, ap_fixed<16, 6, 5, 3, 0>, relu_config4> | return value |
|ap_return_4     | out |   15| ap_ctrl_hs | relu<ap_fixed<16, 6, 5, 3, 0>, ap_fixed<16, 6, 5, 3, 0>, relu_config4> | return value |
|ap_return_5     | out |   15| ap_ctrl_hs | relu<ap_fixed<16, 6, 5, 3, 0>, ap_fixed<16, 6, 5, 3, 0>, relu_config4> | return value |
|ap_return_6     | out |   15| ap_ctrl_hs | relu<ap_fixed<16, 6, 5, 3, 0>, ap_fixed<16, 6, 5, 3, 0>, relu_config4> | return value |
|ap_return_7     | out |   15| ap_ctrl_hs | relu<ap_fixed<16, 6, 5, 3, 0>, ap_fixed<16, 6, 5, 3, 0>, relu_config4> | return value |
|ap_return_8     | out |   15| ap_ctrl_hs | relu<ap_fixed<16, 6, 5, 3, 0>, ap_fixed<16, 6, 5, 3, 0>, relu_config4> | return value |
|ap_return_9     | out |   15| ap_ctrl_hs | relu<ap_fixed<16, 6, 5, 3, 0>, ap_fixed<16, 6, 5, 3, 0>, relu_config4> | return value |
|ap_return_10    | out |   15| ap_ctrl_hs | relu<ap_fixed<16, 6, 5, 3, 0>, ap_fixed<16, 6, 5, 3, 0>, relu_config4> | return value |
|ap_return_11    | out |   15| ap_ctrl_hs | relu<ap_fixed<16, 6, 5, 3, 0>, ap_fixed<16, 6, 5, 3, 0>, relu_config4> | return value |
|ap_return_12    | out |   15| ap_ctrl_hs | relu<ap_fixed<16, 6, 5, 3, 0>, ap_fixed<16, 6, 5, 3, 0>, relu_config4> | return value |
|ap_return_13    | out |   15| ap_ctrl_hs | relu<ap_fixed<16, 6, 5, 3, 0>, ap_fixed<16, 6, 5, 3, 0>, relu_config4> | return value |
|ap_return_14    | out |   15| ap_ctrl_hs | relu<ap_fixed<16, 6, 5, 3, 0>, ap_fixed<16, 6, 5, 3, 0>, relu_config4> | return value |
|ap_return_15    | out |   15| ap_ctrl_hs | relu<ap_fixed<16, 6, 5, 3, 0>, ap_fixed<16, 6, 5, 3, 0>, relu_config4> | return value |
|ap_return_16    | out |   15| ap_ctrl_hs | relu<ap_fixed<16, 6, 5, 3, 0>, ap_fixed<16, 6, 5, 3, 0>, relu_config4> | return value |
|ap_return_17    | out |   15| ap_ctrl_hs | relu<ap_fixed<16, 6, 5, 3, 0>, ap_fixed<16, 6, 5, 3, 0>, relu_config4> | return value |
|ap_return_18    | out |   15| ap_ctrl_hs | relu<ap_fixed<16, 6, 5, 3, 0>, ap_fixed<16, 6, 5, 3, 0>, relu_config4> | return value |
|ap_return_19    | out |   15| ap_ctrl_hs | relu<ap_fixed<16, 6, 5, 3, 0>, ap_fixed<16, 6, 5, 3, 0>, relu_config4> | return value |
|ap_return_20    | out |   15| ap_ctrl_hs | relu<ap_fixed<16, 6, 5, 3, 0>, ap_fixed<16, 6, 5, 3, 0>, relu_config4> | return value |
|ap_return_21    | out |   15| ap_ctrl_hs | relu<ap_fixed<16, 6, 5, 3, 0>, ap_fixed<16, 6, 5, 3, 0>, relu_config4> | return value |
|ap_return_22    | out |   15| ap_ctrl_hs | relu<ap_fixed<16, 6, 5, 3, 0>, ap_fixed<16, 6, 5, 3, 0>, relu_config4> | return value |
|ap_return_23    | out |   15| ap_ctrl_hs | relu<ap_fixed<16, 6, 5, 3, 0>, ap_fixed<16, 6, 5, 3, 0>, relu_config4> | return value |
|ap_return_24    | out |   15| ap_ctrl_hs | relu<ap_fixed<16, 6, 5, 3, 0>, ap_fixed<16, 6, 5, 3, 0>, relu_config4> | return value |
|ap_return_25    | out |   15| ap_ctrl_hs | relu<ap_fixed<16, 6, 5, 3, 0>, ap_fixed<16, 6, 5, 3, 0>, relu_config4> | return value |
|ap_return_26    | out |   15| ap_ctrl_hs | relu<ap_fixed<16, 6, 5, 3, 0>, ap_fixed<16, 6, 5, 3, 0>, relu_config4> | return value |
|ap_return_27    | out |   15| ap_ctrl_hs | relu<ap_fixed<16, 6, 5, 3, 0>, ap_fixed<16, 6, 5, 3, 0>, relu_config4> | return value |
|ap_return_28    | out |   15| ap_ctrl_hs | relu<ap_fixed<16, 6, 5, 3, 0>, ap_fixed<16, 6, 5, 3, 0>, relu_config4> | return value |
|ap_return_29    | out |   15| ap_ctrl_hs | relu<ap_fixed<16, 6, 5, 3, 0>, ap_fixed<16, 6, 5, 3, 0>, relu_config4> | return value |
|ap_return_30    | out |   15| ap_ctrl_hs | relu<ap_fixed<16, 6, 5, 3, 0>, ap_fixed<16, 6, 5, 3, 0>, relu_config4> | return value |
|data_0_V_read   |  in |   16|   ap_none  |                              data_0_V_read                             |    scalar    |
|data_1_V_read   |  in |   16|   ap_none  |                              data_1_V_read                             |    scalar    |
|data_2_V_read   |  in |   16|   ap_none  |                              data_2_V_read                             |    scalar    |
|data_3_V_read   |  in |   16|   ap_none  |                              data_3_V_read                             |    scalar    |
|data_4_V_read   |  in |   16|   ap_none  |                              data_4_V_read                             |    scalar    |
|data_5_V_read   |  in |   16|   ap_none  |                              data_5_V_read                             |    scalar    |
|data_6_V_read   |  in |   16|   ap_none  |                              data_6_V_read                             |    scalar    |
|data_7_V_read   |  in |   16|   ap_none  |                              data_7_V_read                             |    scalar    |
|data_8_V_read   |  in |   16|   ap_none  |                              data_8_V_read                             |    scalar    |
|data_9_V_read   |  in |   16|   ap_none  |                              data_9_V_read                             |    scalar    |
|data_10_V_read  |  in |   16|   ap_none  |                             data_10_V_read                             |    scalar    |
|data_11_V_read  |  in |   16|   ap_none  |                             data_11_V_read                             |    scalar    |
|data_12_V_read  |  in |   16|   ap_none  |                             data_12_V_read                             |    scalar    |
|data_13_V_read  |  in |   16|   ap_none  |                             data_13_V_read                             |    scalar    |
|data_14_V_read  |  in |   16|   ap_none  |                             data_14_V_read                             |    scalar    |
|data_15_V_read  |  in |   16|   ap_none  |                             data_15_V_read                             |    scalar    |
|data_16_V_read  |  in |   16|   ap_none  |                             data_16_V_read                             |    scalar    |
|data_17_V_read  |  in |   16|   ap_none  |                             data_17_V_read                             |    scalar    |
|data_18_V_read  |  in |   16|   ap_none  |                             data_18_V_read                             |    scalar    |
|data_19_V_read  |  in |   16|   ap_none  |                             data_19_V_read                             |    scalar    |
|data_20_V_read  |  in |   16|   ap_none  |                             data_20_V_read                             |    scalar    |
|data_21_V_read  |  in |   16|   ap_none  |                             data_21_V_read                             |    scalar    |
|data_22_V_read  |  in |   16|   ap_none  |                             data_22_V_read                             |    scalar    |
|data_23_V_read  |  in |   16|   ap_none  |                             data_23_V_read                             |    scalar    |
|data_24_V_read  |  in |   16|   ap_none  |                             data_24_V_read                             |    scalar    |
|data_25_V_read  |  in |   16|   ap_none  |                             data_25_V_read                             |    scalar    |
|data_26_V_read  |  in |   16|   ap_none  |                             data_26_V_read                             |    scalar    |
|data_27_V_read  |  in |   16|   ap_none  |                             data_27_V_read                             |    scalar    |
|data_28_V_read  |  in |   16|   ap_none  |                             data_28_V_read                             |    scalar    |
|data_29_V_read  |  in |   16|   ap_none  |                             data_29_V_read                             |    scalar    |
|data_30_V_read  |  in |   16|   ap_none  |                             data_30_V_read                             |    scalar    |
+----------------+-----+-----+------------+------------------------------------------------------------------------+--------------+

